[55gms.me/misc/SnowRider3D/index.html]
[backblue.gif]
[fade.gif]
[index.html]
[55gms.me/assets/js/script3f56.js]
[55gms.me/misc/SnowRider3D/TemplateData/favicon.ico]
[55gms.me/misc/SnowRider3D/TemplateData/style.css]
[55gms.me/misc/SnowRider3D/TemplateData/UnityProgress.js]
[55gms.me/misc/SnowRider3D/index.html]
[55gms.me/misc/SnowRider3D/Build/UnityLoader.js]
[55gms.me/misc/SnowRider3D/TemplateData/logo.png]
[55gms.me/misc/SnowRider3D/TemplateData/progressEmpty.Light.png]
[55gms.me/misc/SnowRider3D/TemplateData/progressFull.Light.png]
[55gms.me/misc/SnowRider3D/TemplateData/webgl-logo.png]
[55gms.me/misc/SnowRider3D/TemplateData/fullscreen.png]
[55gms.me/misc/SnowRider3D/TemplateData/style.css]
[55gms.me/misc/SnowRider3D/TemplateData/progressEmpty.Light.html]
[55gms.me/misc/SnowRider3D/TemplateData/progressFull.Light.html]
[55gms.me/misc/SnowRider3D/TemplateData/webgl-logo.html]
[55gms.me/misc/SnowRider3D/TemplateData/fullscreen.html]
